<?xml version="1.0" encoding="UTF-8"?>
<!-- Generated by org.testng.reporters.JUnitXMLReporter -->
<testsuite ignored="0" hostname="DESKTOP-TRJL33N" failures="0" tests="1" name="Default test(failed)" time="0.272" errors="0" timestamp="2022-09-17T11:50:54 IST">
  <testcase classname="com.eBanking.TC.BaseClass" name="@BeforeClass browserSetup" time="-1.663395654336E9">
    <failure type="org.testng.TestNGException" message="
Parameter &amp;apos;browser&amp;apos; is required by BeforeClass on method browserSetup but has not been marked @Optional or defined
in D:\User\Eclipse-workspace\eBanking_V01\test-output\Default suite\testng-failed.xml">
      <![CDATA[org.testng.TestNGException: 
Parameter 'browser' is required by BeforeClass on method browserSetup but has not been marked @Optional or defined
in D:\User\Eclipse-workspace\eBanking_V01\test-output\Default suite\testng-failed.xml
at java.base/java.util.ArrayList.forEach(ArrayList.java:1511)
... Removed 22 stack frames]]>
    </failure>
  </testcase> <!-- @BeforeClass browserSetup -->
  <testcase classname="com.eBanking.TC.BaseClass" name="@AfterClass teardown" time="0.0">
    <skipped/>
  </testcase> <!-- @AfterClass teardown -->
  <testcase classname="com.eBanking.TC.LoginTest_001" name="loginTest" time="0.0">
    <skipped/>
  </testcase> <!-- loginTest -->
</testsuite> <!-- Default test(failed) -->
